<?xml version="1.0" encoding="UTF-8"?>
<!-- Generated by org.testng.reporters.JUnitReportReporter -->
<testsuite hostname="NLPULTP7204778" failures="0" tests="4" name="api.tests.UserTests" time="13.287" errors="0" timestamp="2025-06-13T16:59:58 IST" skipped="0">
  <testcase classname="api.tests.UserTests" name="test_PostUser" time="7.033"/>
  <system-out/>
  <testcase classname="api.tests.UserTests" name="test_GetUserbyName" time="2.007"/>
  <system-out/>
  <testcase classname="api.tests.UserTests" name="test_UpdateUserbyName" time="2.819"/>
  <system-out/>
  <testcase classname="api.tests.UserTests" name="test_DeleteUserbyName" time="1.428"/>
  <system-out/>
</testsuite> <!-- api.tests.UserTests -->
