<?xml version="1.0" encoding="UTF-8"?>
<!-- Generated by org.testng.reporters.JUnitReportReporter -->
<testsuite hostname="NLPULTP7204778" failures="0" tests="4" name="api.tests.UserTests2" time="12.208" errors="0" timestamp="2025-06-16T10:53:15 IST" skipped="0">
  <testcase classname="api.tests.UserTests2" name="test_PostUser" time="5.763"/>
  <system-out/>
  <testcase classname="api.tests.UserTests2" name="test_GetUserbyName" time="2.316"/>
  <system-out/>
  <testcase classname="api.tests.UserTests2" name="test_UpdateUserbyName" time="2.784"/>
  <system-out/>
  <testcase classname="api.tests.UserTests2" name="test_DeleteUserbyName" time="1.345"/>
  <system-out/>
</testsuite> <!-- api.tests.UserTests2 -->
