<?xml version="1.0" encoding="UTF-8"?>
<!-- Generated by org.testng.reporters.JUnitReportReporter -->
<testsuite hostname="NLPULTP7204778" failures="0" tests="4" name="api.tests.UserTests2" time="13.268" errors="0" timestamp="2025-06-13T18:07:33 IST" skipped="0">
  <testcase classname="api.tests.UserTests2" name="test_PostUser" time="7.976"/>
  <system-out/>
  <testcase classname="api.tests.UserTests2" name="test_GetUserbyName" time="1.665"/>
  <system-out/>
  <testcase classname="api.tests.UserTests2" name="test_UpdateUserbyName" time="2.411"/>
  <system-out/>
  <testcase classname="api.tests.UserTests2" name="test_DeleteUserbyName" time="1.216"/>
  <system-out/>
</testsuite> <!-- api.tests.UserTests2 -->
