<?xml version="1.0" encoding="UTF-8"?>
<!-- Generated by org.testng.reporters.JUnitReportReporter -->
<testsuite hostname="NLPULTP7204778" failures="0" tests="12" name="api.tests.DDTests" time="26.406" errors="0" timestamp="2025-06-14T16:07:10 IST" skipped="0">
  <testcase classname="api.tests.DDTests" name="testGetuserbyUserName" time="1.730"/>
  <system-out/>
  <testcase classname="api.tests.DDTests" name="testDeleteuserbyUserName" time="1.564"/>
  <system-out/>
  <testcase classname="api.tests.DDTests" name="testGetuserbyUserName" time="2.042"/>
  <system-out/>
  <testcase classname="api.tests.DDTests" name="testGetuserbyUserName" time="1.822"/>
  <system-out/>
  <testcase classname="api.tests.DDTests" name="testDeleteuserbyUserName" time="1.923"/>
  <system-out/>
  <testcase classname="api.tests.DDTests" name="testGetuserbyUserName" time="1.533"/>
  <system-out/>
  <testcase classname="api.tests.DDTests" name="testDeleteuserbyUserName" time="1.632"/>
  <system-out/>
  <testcase classname="api.tests.DDTests" name="testDeleteuserbyUserName" time="1.737"/>
  <system-out/>
  <testcase classname="api.tests.DDTests" name="testPostuser" time="1.627"/>
  <system-out/>
  <testcase classname="api.tests.DDTests" name="testPostuser" time="1.733"/>
  <system-out/>
  <testcase classname="api.tests.DDTests" name="testPostuser" time="7.295"/>
  <system-out/>
  <testcase classname="api.tests.DDTests" name="testPostuser" time="1.768"/>
  <system-out/>
</testsuite> <!-- api.tests.DDTests -->
