<?xml version="1.0" encoding="UTF-8"?>
<!-- Generated by org.testng.reporters.JUnitReportReporter -->
<testsuite hostname="NLPULTP7204778" failures="0" tests="4" name="api.tests.UserTests2" time="11.907" errors="0" timestamp="2025-06-14T16:17:53 IST" skipped="0">
  <testcase classname="api.tests.UserTests2" name="test_PostUser" time="5.932"/>
  <system-out/>
  <testcase classname="api.tests.UserTests2" name="test_GetUserbyName" time="1.825"/>
  <system-out/>
  <testcase classname="api.tests.UserTests2" name="test_UpdateUserbyName" time="2.785"/>
  <system-out/>
  <testcase classname="api.tests.UserTests2" name="test_DeleteUserbyName" time="1.365"/>
  <system-out/>
</testsuite> <!-- api.tests.UserTests2 -->
